<?xml version="1.0" encoding="UTF-8"?>
<robot generator="Robot 7.3.2 (Python 3.13.3 on darwin)" generated="2025-08-28T13:53:58.556010" rpa="false" schemaversion="5">
<suite id="s1" name="testCase" source="/Users/kwangncp/Documents/git/QA_Assignments/testCase.robot">
<test id="s1-t1" name="TC01_Verify forgot password function not allow permission for incorrect user" line="8">
<kw name="Access portal" owner="Keyword">
<kw name="Open Browser" owner="SeleniumLibrary">
<msg time="2025-08-28T13:53:58.687882" level="INFO">Opening browser 'chrome' to base url 'http://localhost:3001/home'.</msg>
<arg>${url}</arg>
<arg>${browser}</arg>
<doc>Opens a new browser instance to the optional ``url``.</doc>
<status status="PASS" start="2025-08-28T13:53:58.687732" elapsed="0.955423"/>
</kw>
<kw name="Sleep" owner="BuiltIn">
<msg time="2025-08-28T13:54:02.644642" level="INFO">Slept 3 seconds.</msg>
<arg>3</arg>
<doc>Pauses the test executed for the given time.</doc>
<status status="PASS" start="2025-08-28T13:53:59.643559" elapsed="3.001818"/>
</kw>
<status status="PASS" start="2025-08-28T13:53:58.687335" elapsed="3.958698"/>
</kw>
<status status="PASS" start="2025-08-28T13:53:58.686969" elapsed="3.960310"/>
</test>
<status status="PASS" start="2025-08-28T13:53:58.556639" elapsed="4.092460"/>
</suite>
<statistics>
<total>
<stat pass="1" fail="0" skip="0">All Tests</stat>
</total>
<tag>
</tag>
<suite>
<stat name="testCase" id="s1" pass="1" fail="0" skip="0">testCase</stat>
</suite>
</statistics>
<errors>
<msg time="2025-08-28T13:53:58.686192" level="WARN">Imported library '/Users/kwangncp/Documents/git/QA_Assignments/webDrive.py' contains no keywords.</msg>
</errors>
</robot>
